<?xml version="1.0" encoding="UTF-8"?>
<testng-results skipped="0" failed="0" total="3" passed="3">
  <reporter-output>
  </reporter-output>
  <suite name="Default suite" duration-ms="7825" started-at="2020-03-07T18:08:20Z" finished-at="2020-03-07T18:08:27Z">
    <groups>
    </groups>
    <test name="Default test" duration-ms="7825" started-at="2020-03-07T18:08:20Z" finished-at="2020-03-07T18:08:27Z">
      <class name="seleniumtests.TestAddtoCart">
        <test-method status="PASS" signature="addElementToCart()[pri:0, instance:seleniumtests.TestAddtoCart@724af044]" name="addElementToCart" duration-ms="12" started-at="2020-03-07T12:08:20Z" finished-at="2020-03-07T12:08:20Z">
          <reporter-output>
          </reporter-output>
        </test-method> <!-- addElementToCart -->
        <test-method status="PASS" signature="navigateHome()[pri:0, instance:seleniumtests.TestAddtoCart@724af044]" name="navigateHome" duration-ms="5790" started-at="2020-03-07T12:08:20Z" finished-at="2020-03-07T12:08:25Z">
          <reporter-output>
          </reporter-output>
        </test-method> <!-- navigateHome -->
        <test-method status="PASS" signature="signIn()[pri:0, instance:seleniumtests.TestAddtoCart@724af044]" name="signIn" duration-ms="1995" started-at="2020-03-07T12:08:25Z" finished-at="2020-03-07T12:08:27Z">
          <reporter-output>
          </reporter-output>
        </test-method> <!-- signIn -->
      </class> <!-- seleniumtests.TestAddtoCart -->
    </test> <!-- Default test -->
  </suite> <!-- Default suite -->
</testng-results>
