<?xml version="1.0" encoding="UTF-8"?>
<testng-results skipped="0" failed="0" total="1" passed="1">
  <reporter-output>
  </reporter-output>
  <suite name="Default suite" duration-ms="8044" started-at="2020-03-23T22:09:20Z" finished-at="2020-03-23T22:09:28Z">
    <groups>
    </groups>
    <test name="Default test" duration-ms="8044" started-at="2020-03-23T22:09:20Z" finished-at="2020-03-23T22:09:28Z">
      <class name="seleniumtests.TestLogin">
        <test-method status="PASS" signature="signIn()[pri:0, instance:seleniumtests.TestLogin@675d3402]" name="signIn" duration-ms="8006" started-at="2020-03-23T17:09:20Z" finished-at="2020-03-23T17:09:28Z">
          <reporter-output>
          </reporter-output>
        </test-method> <!-- signIn -->
      </class> <!-- seleniumtests.TestLogin -->
    </test> <!-- Default test -->
  </suite> <!-- Default suite -->
</testng-results>
