<?xml version="1.0" encoding="UTF-8"?>
<!-- Generated by org.testng.reporters.JUnitXMLReporter -->
<testsuite hostname="MacBook-Pro-3.hsd1.il.comcast.net" name="Default test" tests="3" failures="0" timestamp="7 Mar 2020 18:08:27 GMT" time="7.825" errors="0">
  <testcase name="addElementToCart" time="0.012" classname="seleniumtests.TestAddtoCart"/>
  <testcase name="navigateHome" time="5.79" classname="seleniumtests.TestAddtoCart"/>
  <testcase name="signIn" time="1.995" classname="seleniumtests.TestAddtoCart"/>
</testsuite> <!-- Default test -->
